ShortVideoPlayer/gradle-build/app/outputs/logs/manifest-merger-debug-report.txt
-- Merging decision tree log ---
provider#android.support.v4.content.FileProvider
INJECTED from src\main\AndroidManifest.xml:152:9-160:20
	android:grantUriPermissions
		ADDED from src\main\AndroidManifest.xml:156:13-47
	android:authorities
		INJECTED from src\main\AndroidManifest.xml
		ADDED from src\main\AndroidManifest.xml:154:13-60
	android:exported
		ADDED from src\main\AndroidManifest.xml:155:13-37
	android:name
		ADDED from src\main\AndroidManifest.xml:153:13-67
manifest
ADDED from src\main\AndroidManifest.xml:2:1-174:12
INJECTED from src\main\AndroidManifest.xml:2:1-174:12
INJECTED from src\main\AndroidManifest.xml:2:1-174:12
INJECTED from src\main\AndroidManifest.xml:2:1-174:12
MERGED from [:Aliyunplayer:player_demo] AndroidManifest.xml:2:1-41:12
MERGED from [AliyunVodPlayer-3.4.6.aar] AndroidManifest.xml:2:1-14:12
MERGED from [com.tencent.bugly:crashreport:2.8.6.0] AndroidManifest.xml:2:1-9:12
MERGED from [com.android.support:multidex:1.0.2] AndroidManifest.xml:17:1-22:12
MERGED from [com.android.support.constraint:constraint-layout:1.1.2] AndroidManifest.xml:2:1-11:12
MERGED from [:zxing] AndroidManifest.xml:2:1-27:12
MERGED from [com.android.support:appcompat-v7:26.1.0] AndroidManifest.xml:17:1-31:12
MERGED from [com.android.support:support-v4:26.1.0] AndroidManifest.xml:17:1-31:12
MERGED from [com.android.support:recyclerview-v7:26.1.0] AndroidManifest.xml:17:1-28:12
MERGED from [com.squareup.leakcanary:leakcanary-android:1.5] AndroidManifest.xml:17:1-59:12
MERGED from [com.github.bumptech.glide:glide:4.8.0] AndroidManifest.xml:2:1-12:12
MERGED from [:Aliyunplayer:AlivcPlayer] AndroidManifest.xml:2:1-14:12
MERGED from [:Aliyunplayer:AlivcReporter] AndroidManifest.xml:2:1-17:12
MERGED from [com.android.support:animated-vector-drawable:26.1.0] AndroidManifest.xml:17:1-28:12
MERGED from [com.android.support:support-vector-drawable:26.1.0] AndroidManifest.xml:17:1-28:12
MERGED from [com.android.support:support-media-compat:26.1.0] AndroidManifest.xml:17:1-31:12
MERGED from [com.github.bumptech.glide:gifdecoder:4.8.0] AndroidManifest.xml:2:1-11:12
MERGED from [com.android.support:support-fragment:27.1.1] AndroidManifest.xml:17:1-22:12
MERGED from [com.android.support:support-core-ui:27.1.1] AndroidManifest.xml:17:1-22:12
MERGED from [com.android.support:support-core-utils:27.1.1] AndroidManifest.xml:17:1-22:12
MERGED from [com.android.support:support-compat:27.1.1] AndroidManifest.xml:17:1-22:12
MERGED from [android.arch.lifecycle:runtime:1.1.0] AndroidManifest.xml:17:1-22:12
MERGED from [android.arch.lifecycle:livedata-core:1.1.0] AndroidManifest.xml:17:1-22:12
MERGED from [android.arch.core:runtime:1.1.0] AndroidManifest.xml:17:1-22:12
MERGED from [android.arch.lifecycle:viewmodel:1.1.0] AndroidManifest.xml:17:1-22:12
INJECTED from src\main\AndroidManifest.xml:2:1-174:12
INJECTED from src\main\AndroidManifest.xml:2:1-174:12
INJECTED from src\main\AndroidManifest.xml:2:1-174:12
	package
		ADDED from src\main\AndroidManifest.xml:3:5-46
		INJECTED from src\main\AndroidManifest.xml
		INJECTED from src\main\AndroidManifest.xml
	android:versionName
		INJECTED from src\main\AndroidManifest.xml
		ADDED from src\main\AndroidManifest.xml:2:1-174:12
		INJECTED from src\main\AndroidManifest.xml
	android:versionCode
		INJECTED from src\main\AndroidManifest.xml
		ADDED from src\main\AndroidManifest.xml:2:1-174:12
		INJECTED from src\main\AndroidManifest.xml
	xmlns:android
		ADDED from src\main\AndroidManifest.xml:2:11-69
uses-permission#android.permission.INTERNET
ADDED from src\main\AndroidManifest.xml:5:5-67
MERGED from [:Aliyunplayer:player_demo] AndroidManifest.xml:13:5-67
MERGED from [:Aliyunplayer:player_demo] AndroidManifest.xml:13:5-67
MERGED from [:zxing] AndroidManifest.xml:11:5-67
MERGED from [:zxing] AndroidManifest.xml:11:5-67
MERGED from [:Aliyunplayer:AlivcReporter] AndroidManifest.xml:12:5-67
MERGED from [:Aliyunplayer:AlivcReporter] AndroidManifest.xml:12:5-67
	android:name
		ADDED from src\main\AndroidManifest.xml:5:22-64
uses-permission#android.permission.VIBRATE
ADDED from src\main\AndroidManifest.xml:6:5-66
MERGED from [:zxing] AndroidManifest.xml:12:5-66
MERGED from [:zxing] AndroidManifest.xml:12:5-66
	android:name
		ADDED from src\main\AndroidManifest.xml:6:22-63
uses-permission#android.permission.RECORD_AUDIO
ADDED from src\main\AndroidManifest.xml:7:5-71
	android:name
		ADDED from src\main\AndroidManifest.xml:7:22-68
uses-permission#android.permission.CAMERA
ADDED from src\main\AndroidManifest.xml:8:5-65
MERGED from [:zxing] AndroidManifest.xml:13:5-65
MERGED from [:zxing] AndroidManifest.xml:13:5-65
	android:name
		ADDED from src\main\AndroidManifest.xml:8:22-62
uses-permission#android.permission.ACCESS_NETWORK_STATE
ADDED from src\main\AndroidManifest.xml:9:5-79
MERGED from [:Aliyunplayer:player_demo] AndroidManifest.xml:11:5-79
MERGED from [:Aliyunplayer:player_demo] AndroidManifest.xml:11:5-79
MERGED from [:Aliyunplayer:AlivcReporter] AndroidManifest.xml:11:5-79
MERGED from [:Aliyunplayer:AlivcReporter] AndroidManifest.xml:11:5-79
	android:name
		ADDED from src\main\AndroidManifest.xml:9:22-76
uses-permission#android.permission.WRITE_EXTERNAL_STORAGE
ADDED from src\main\AndroidManifest.xml:11:5-81
MERGED from [:Aliyunplayer:player_demo] AndroidManifest.xml:14:5-81
MERGED from [:Aliyunplayer:player_demo] AndroidManifest.xml:14:5-81
MERGED from [com.squareup.leakcanary:leakcanary-android:1.5] AndroidManifest.xml:26:5-81
MERGED from [com.squareup.leakcanary:leakcanary-android:1.5] AndroidManifest.xml:26:5-81
	android:name
		ADDED from src\main\AndroidManifest.xml:11:22-78
uses-permission#android.permission.ACCESS_FINE_LOCATION
ADDED from src\main\AndroidManifest.xml:12:5-79
	android:name
		ADDED from src\main\AndroidManifest.xml:12:22-76
uses-permission#android.permission.GET_TASKS
ADDED from src\main\AndroidManifest.xml:13:5-68
	android:name
		ADDED from src\main\AndroidManifest.xml:13:22-65
uses-permission#android.permission.ACCESS_WIFI_STATE
ADDED from src\main\AndroidManifest.xml:14:5-76
MERGED from [:Aliyunplayer:player_demo] AndroidManifest.xml:12:5-76
MERGED from [:Aliyunplayer:player_demo] AndroidManifest.xml:12:5-76
MERGED from [AliyunVodPlayer-3.4.6.aar] AndroidManifest.xml:11:5-76
MERGED from [AliyunVodPlayer-3.4.6.aar] AndroidManifest.xml:11:5-76
MERGED from [:Aliyunplayer:AlivcPlayer] AndroidManifest.xml:11:5-76
MERGED from [:Aliyunplayer:AlivcPlayer] AndroidManifest.xml:11:5-76
	android:name
		ADDED from src\main\AndroidManifest.xml:14:22-73
uses-permission#android.permission.CHANGE_WIFI_STATE
ADDED from src\main\AndroidManifest.xml:15:5-76
MERGED from [AliyunVodPlayer-3.4.6.aar] AndroidManifest.xml:12:5-76
MERGED from [AliyunVodPlayer-3.4.6.aar] AndroidManifest.xml:12:5-76
	android:name
		ADDED from src\main\AndroidManifest.xml:15:22-73
uses-permission#android.permission.WAKE_LOCK
ADDED from src\main\AndroidManifest.xml:16:5-68
MERGED from [:Aliyunplayer:player_demo] AndroidManifest.xml:15:5-68
MERGED from [:Aliyunplayer:player_demo] AndroidManifest.xml:15:5-68
	android:name
		ADDED from src\main\AndroidManifest.xml:16:22-65
uses-permission#android.permission.MODIFY_AUDIO_SETTINGS
ADDED from src\main\AndroidManifest.xml:17:5-80
	android:name
		ADDED from src\main\AndroidManifest.xml:17:22-77
uses-permission#android.permission.READ_PHONE_STATE
ADDED from src\main\AndroidManifest.xml:18:5-75
MERGED from [:Aliyunplayer:player_demo] AndroidManifest.xml:16:5-75
MERGED from [:Aliyunplayer:player_demo] AndroidManifest.xml:16:5-75
	android:name
		ADDED from src\main\AndroidManifest.xml:18:22-72
uses-permission#android.permission.RECEIVE_BOOT_COMPLETED
ADDED from src\main\AndroidManifest.xml:19:5-81
	android:name
		ADDED from src\main\AndroidManifest.xml:19:22-78
uses-permission#android.permission.READ_EXTERNAL_STORAGE
ADDED from src\main\AndroidManifest.xml:20:5-80
MERGED from [:Aliyunplayer:player_demo] AndroidManifest.xml:18:5-80
MERGED from [:Aliyunplayer:player_demo] AndroidManifest.xml:18:5-80
MERGED from [com.squareup.leakcanary:leakcanary-android:1.5] AndroidManifest.xml:25:5-80
MERGED from [com.squareup.leakcanary:leakcanary-android:1.5] AndroidManifest.xml:25:5-80
	android:name
		ADDED from src\main\AndroidManifest.xml:20:22-77
uses-permission#android.permission.BLUETOOTH
ADDED from src\main\AndroidManifest.xml:21:5-68
	android:name
		ADDED from src\main\AndroidManifest.xml:21:22-65
uses-permission#android.permission.SYSTEM_ALERT_WINDOW
ADDED from src\main\AndroidManifest.xml:22:5-78
	android:name
		ADDED from src\main\AndroidManifest.xml:22:22-75
application
ADDED from src\main\AndroidManifest.xml:25:5-172:19
MERGED from [:Aliyunplayer:player_demo] AndroidManifest.xml:20:5-39:19
MERGED from [:Aliyunplayer:player_demo] AndroidManifest.xml:20:5-39:19
MERGED from [com.android.support.constraint:constraint-layout:1.1.2] AndroidManifest.xml:9:5-20
MERGED from [com.android.support.constraint:constraint-layout:1.1.2] AndroidManifest.xml:9:5-20
MERGED from [:zxing] AndroidManifest.xml:17:5-25:19
MERGED from [:zxing] AndroidManifest.xml:17:5-25:19
MERGED from [com.android.support:appcompat-v7:26.1.0] AndroidManifest.xml:25:5-29:19
MERGED from [com.android.support:appcompat-v7:26.1.0] AndroidManifest.xml:25:5-29:19
MERGED from [com.android.support:support-v4:26.1.0] AndroidManifest.xml:25:5-29:19
MERGED from [com.android.support:support-v4:26.1.0] AndroidManifest.xml:25:5-29:19
MERGED from [com.android.support:recyclerview-v7:26.1.0] AndroidManifest.xml:22:5-26:19
MERGED from [com.android.support:recyclerview-v7:26.1.0] AndroidManifest.xml:22:5-26:19
MERGED from [com.squareup.leakcanary:leakcanary-android:1.5] AndroidManifest.xml:28:5-57:19
MERGED from [com.squareup.leakcanary:leakcanary-android:1.5] AndroidManifest.xml:28:5-57:19
MERGED from [com.github.bumptech.glide:glide:4.8.0] AndroidManifest.xml:10:5-20
MERGED from [com.github.bumptech.glide:glide:4.8.0] AndroidManifest.xml:10:5-20
MERGED from [:Aliyunplayer:AlivcReporter] AndroidManifest.xml:14:5-15:19
MERGED from [:Aliyunplayer:AlivcReporter] AndroidManifest.xml:14:5-15:19
MERGED from [com.android.support:animated-vector-drawable:26.1.0] AndroidManifest.xml:22:5-26:19
MERGED from [com.android.support:animated-vector-drawable:26.1.0] AndroidManifest.xml:22:5-26:19
MERGED from [com.android.support:support-vector-drawable:26.1.0] AndroidManifest.xml:22:5-26:19
MERGED from [com.android.support:support-vector-drawable:26.1.0] AndroidManifest.xml:22:5-26:19
MERGED from [com.android.support:support-media-compat:26.1.0] AndroidManifest.xml:25:5-29:19
MERGED from [com.android.support:support-media-compat:26.1.0] AndroidManifest.xml:25:5-29:19
MERGED from [com.github.bumptech.glide:gifdecoder:4.8.0] AndroidManifest.xml:9:5-20
MERGED from [com.github.bumptech.glide:gifdecoder:4.8.0] AndroidManifest.xml:9:5-20
	android:supportsRtl
		ADDED from src\main\AndroidManifest.xml:31:9-35
	android:label
		ADDED from src\main\AndroidManifest.xml:29:9-41
	android:largeHeap
		ADDED from src\main\AndroidManifest.xml:30:9-33
	android:icon
		ADDED from src\main\AndroidManifest.xml:28:9-36
	android:allowBackup
		ADDED from src\main\AndroidManifest.xml:27:9-35
	android:theme
		ADDED from src\main\AndroidManifest.xml:32:9-40
	android:name
		ADDED from src\main\AndroidManifest.xml:26:9-40
activity#com.blockchain.shortvideoplayer.activity.SplashActivity
ADDED from src\main\AndroidManifest.xml:33:9-45:20
	android:screenOrientation
		ADDED from src\main\AndroidManifest.xml:36:13-49
	android:windowSoftInputMode
		ADDED from src\main\AndroidManifest.xml:37:13-64
	android:configChanges
		ADDED from src\main\AndroidManifest.xml:35:13-48
	android:name
		ADDED from src\main\AndroidManifest.xml:34:13-52
activity#com.blockchain.shortvideoplayer.activity.MainActivity
ADDED from src\main\AndroidManifest.xml:46:9-56:20
	android:screenOrientation
		ADDED from src\main\AndroidManifest.xml:49:13-49
	android:windowSoftInputMode
		ADDED from src\main\AndroidManifest.xml:50:13-64
	android:configChanges
		ADDED from src\main\AndroidManifest.xml:48:13-63
	android:name
		ADDED from src\main\AndroidManifest.xml:47:13-50
activity#com.blockchain.shortvideoplayer.activity.Main2Activity
ADDED from src\main\AndroidManifest.xml:57:9-67:20
	android:screenOrientation
		ADDED from src\main\AndroidManifest.xml:60:13-49
	android:windowSoftInputMode
		ADDED from src\main\AndroidManifest.xml:61:13-64
	android:configChanges
		ADDED from src\main\AndroidManifest.xml:59:13-63
	android:name
		ADDED from src\main\AndroidManifest.xml:58:13-51
intent-filter#android.intent.action.MAIN+android.intent.category.LAUNCHER
ADDED from src\main\AndroidManifest.xml:62:13-66:29
action#android.intent.action.MAIN
ADDED from src\main\AndroidManifest.xml:63:17-69
	android:name
		ADDED from src\main\AndroidManifest.xml:63:25-66
category#android.intent.category.LAUNCHER
ADDED from src\main\AndroidManifest.xml:65:17-77
	android:name
		ADDED from src\main\AndroidManifest.xml:65:27-74
activity#com.blockchain.shortvideoplayer.activity.VideoPlayActivity
ADDED from src\main\AndroidManifest.xml:68:9-72:67
	android:screenOrientation
		ADDED from src\main\AndroidManifest.xml:71:13-49
	android:windowSoftInputMode
		ADDED from src\main\AndroidManifest.xml:72:13-64
	android:configChanges
		ADDED from src\main\AndroidManifest.xml:70:13-63
	android:name
		ADDED from src\main\AndroidManifest.xml:69:13-55
activity#com.blockchain.shortvideoplayer.activity.LoginActivity
ADDED from src\main\AndroidManifest.xml:77:9-87:20
	android:screenOrientation
		ADDED from src\main\AndroidManifest.xml:80:13-49
	android:windowSoftInputMode
		ADDED from src\main\AndroidManifest.xml:81:13-64
	android:configChanges
		ADDED from src\main\AndroidManifest.xml:79:13-63
	android:name
		ADDED from src\main\AndroidManifest.xml:78:13-51
activity#com.blockchain.shortvideoplayer.activity.ClassListActivity
ADDED from src\main\AndroidManifest.xml:88:9-92:67
	android:screenOrientation
		ADDED from src\main\AndroidManifest.xml:91:13-49
	android:windowSoftInputMode
		ADDED from src\main\AndroidManifest.xml:92:13-64
	android:configChanges
		ADDED from src\main\AndroidManifest.xml:90:13-63
	android:name
		ADDED from src\main\AndroidManifest.xml:89:13-55
activity#com.blockchain.shortvideoplayer.activity.RecommendSearchActivity
ADDED from src\main\AndroidManifest.xml:93:9-97:67
	android:screenOrientation
		ADDED from src\main\AndroidManifest.xml:96:13-49
	android:windowSoftInputMode
		ADDED from src\main\AndroidManifest.xml:97:13-64
	android:configChanges
		ADDED from src\main\AndroidManifest.xml:95:13-63
	android:name
		ADDED from src\main\AndroidManifest.xml:94:13-61
activity#com.blockchain.shortvideoplayer.activity.SelfMediaDetailActivity
ADDED from src\main\AndroidManifest.xml:98:9-102:67
	android:screenOrientation
		ADDED from src\main\AndroidManifest.xml:101:13-49
	android:windowSoftInputMode
		ADDED from src\main\AndroidManifest.xml:102:13-64
	android:configChanges
		ADDED from src\main\AndroidManifest.xml:100:13-63
	android:name
		ADDED from src\main\AndroidManifest.xml:99:13-61
activity#com.blockchain.shortvideoplayer.activity.MyInfromationActivity
ADDED from src\main\AndroidManifest.xml:103:9-107:67
	android:screenOrientation
		ADDED from src\main\AndroidManifest.xml:106:13-49
	android:windowSoftInputMode
		ADDED from src\main\AndroidManifest.xml:107:13-64
	android:configChanges
		ADDED from src\main\AndroidManifest.xml:105:13-63
	android:name
		ADDED from src\main\AndroidManifest.xml:104:13-59
activity#com.blockchain.shortvideoplayer.activity.BuyVIPActivity
ADDED from src\main\AndroidManifest.xml:108:9-120:20
	android:screenOrientation
		ADDED from src\main\AndroidManifest.xml:111:13-49
	android:windowSoftInputMode
		ADDED from src\main\AndroidManifest.xml:112:13-64
	android:configChanges
		ADDED from src\main\AndroidManifest.xml:110:13-63
	android:name
		ADDED from src\main\AndroidManifest.xml:109:13-52
activity#com.blockchain.shortvideoplayer.activity.SystemSettingActivity
ADDED from src\main\AndroidManifest.xml:121:9-125:67
	android:screenOrientation
		ADDED from src\main\AndroidManifest.xml:124:13-49
	android:windowSoftInputMode
		ADDED from src\main\AndroidManifest.xml:125:13-64
	android:configChanges
		ADDED from src\main\AndroidManifest.xml:123:13-63
	android:name
		ADDED from src\main\AndroidManifest.xml:122:13-59
activity#com.blockchain.shortvideoplayer.activity.ChangePhoneActivity
ADDED from src\main\AndroidManifest.xml:126:9-130:67
	android:screenOrientation
		ADDED from src\main\AndroidManifest.xml:129:13-49
	android:windowSoftInputMode
		ADDED from src\main\AndroidManifest.xml:130:13-64
	android:configChanges
		ADDED from src\main\AndroidManifest.xml:128:13-63
	android:name
		ADDED from src\main\AndroidManifest.xml:127:13-57
activity#com.blockchain.shortvideoplayer.activity.AccoountManagerActivity
ADDED from src\main\AndroidManifest.xml:131:9-70
	android:name
		ADDED from src\main\AndroidManifest.xml:131:19-67
activity#com.blockchain.shortvideoplayer.activity.MessageActivity
ADDED from src\main\AndroidManifest.xml:132:9-62
	android:name
		ADDED from src\main\AndroidManifest.xml:132:19-59
activity#com.blockchain.shortvideoplayer.activity.MessageFansActivity
ADDED from src\main\AndroidManifest.xml:133:9-66
	android:name
		ADDED from src\main\AndroidManifest.xml:133:19-63
activity#com.blockchain.shortvideoplayer.activity.HelpCenterActivity
ADDED from src\main\AndroidManifest.xml:134:9-65
	android:name
		ADDED from src\main\AndroidManifest.xml:134:19-62
activity#com.blockchain.shortvideoplayer.activity.SubscribeActivity
ADDED from src\main\AndroidManifest.xml:135:9-64
	android:name
		ADDED from src\main\AndroidManifest.xml:135:19-61
activity#com.blockchain.shortvideoplayer.activity.MessageDetailActivity
ADDED from src\main\AndroidManifest.xml:136:9-68
	android:name
		ADDED from src\main\AndroidManifest.xml:136:19-65
activity#com.blockchain.shortvideoplayer.wxapi.WXPayEntryActivity
ADDED from src\main\AndroidManifest.xml:139:9-150:20
	android:launchMode
		ADDED from src\main\AndroidManifest.xml:142:13-43
	android:exported
		ADDED from src\main\AndroidManifest.xml:141:13-36
	android:name
		ADDED from src\main\AndroidManifest.xml:140:13-53
intent-filter#android.intent.action.VIEW+android.intent.category.DEFAULT
ADDED from src\main\AndroidManifest.xml:143:13-149:29
action#android.intent.action.VIEW
ADDED from src\main\AndroidManifest.xml:144:17-69
	android:name
		ADDED from src\main\AndroidManifest.xml:144:25-66
category#android.intent.category.DEFAULT
ADDED from src\main\AndroidManifest.xml:146:17-76
	android:name
		ADDED from src\main\AndroidManifest.xml:146:27-73
data
ADDED from src\main\AndroidManifest.xml:148:17-61
	android:scheme
		ADDED from src\main\AndroidManifest.xml:148:23-58
activity#com.blockchain.shortvideoplayer.activity.VideoPlayActivity1
ADDED from src\main\AndroidManifest.xml:162:9-165:64
	android:screenOrientation
		ADDED from src\main\AndroidManifest.xml:164:13-49
	android:theme
		ADDED from src\main\AndroidManifest.xml:165:13-61
	android:name
		ADDED from src\main\AndroidManifest.xml:163:13-56
activity#com.blockchain.shortvideoplayer.activity.VideoPlayActivity3
ADDED from src\main\AndroidManifest.xml:166:9-65
	android:name
		ADDED from src\main\AndroidManifest.xml:166:19-62
activity#com.blockchain.shortvideoplayer.activity.VideoPlayActivity4
ADDED from src\main\AndroidManifest.xml:167:9-170:64
	android:screenOrientation
		ADDED from src\main\AndroidManifest.xml:169:13-49
	android:theme
		ADDED from src\main\AndroidManifest.xml:170:13-61
	android:name
		ADDED from src\main\AndroidManifest.xml:168:13-56
activity#com.blockchain.shortvideoplayer.activity.MySubscribeActivity
ADDED from src\main\AndroidManifest.xml:171:9-75
	android:name
		ADDED from src\main\AndroidManifest.xml:171:19-63
uses-sdk
INJECTED from src\main\AndroidManifest.xml reason: use-sdk injection requested
INJECTED from src\main\AndroidManifest.xml
INJECTED from src\main\AndroidManifest.xml
MERGED from [:Aliyunplayer:player_demo] AndroidManifest.xml:7:5-9:41
MERGED from [:Aliyunplayer:player_demo] AndroidManifest.xml:7:5-9:41
MERGED from [AliyunVodPlayer-3.4.6.aar] AndroidManifest.xml:7:5-9:41
MERGED from [AliyunVodPlayer-3.4.6.aar] AndroidManifest.xml:7:5-9:41
MERGED from [com.tencent.bugly:crashreport:2.8.6.0] AndroidManifest.xml:5:5-7:41
MERGED from [com.tencent.bugly:crashreport:2.8.6.0] AndroidManifest.xml:5:5-7:41
MERGED from [com.android.support:multidex:1.0.2] AndroidManifest.xml:20:5-43
MERGED from [com.android.support:multidex:1.0.2] AndroidManifest.xml:20:5-43
MERGED from [com.android.support.constraint:constraint-layout:1.1.2] AndroidManifest.xml:5:5-7:41
MERGED from [com.android.support.constraint:constraint-layout:1.1.2] AndroidManifest.xml:5:5-7:41
MERGED from [:zxing] AndroidManifest.xml:7:5-9:41
MERGED from [:zxing] AndroidManifest.xml:7:5-9:41
MERGED from [com.android.support:appcompat-v7:26.1.0] AndroidManifest.xml:21:5-23:78
MERGED from [com.android.support:appcompat-v7:26.1.0] AndroidManifest.xml:21:5-23:78
MERGED from [com.android.support:support-v4:26.1.0] AndroidManifest.xml:21:5-23:54
MERGED from [com.android.support:support-v4:26.1.0] AndroidManifest.xml:21:5-23:54
MERGED from [com.android.support:recyclerview-v7:26.1.0] AndroidManifest.xml:20:5-44
MERGED from [com.android.support:recyclerview-v7:26.1.0] AndroidManifest.xml:20:5-44
MERGED from [com.squareup.leakcanary:leakcanary-android:1.5] AndroidManifest.xml:20:5-22:41
MERGED from [com.squareup.leakcanary:leakcanary-android:1.5] AndroidManifest.xml:20:5-22:41
MERGED from [com.github.bumptech.glide:glide:4.8.0] AndroidManifest.xml:6:5-8:41
MERGED from [com.github.bumptech.glide:glide:4.8.0] AndroidManifest.xml:6:5-8:41
MERGED from [:Aliyunplayer:AlivcPlayer] AndroidManifest.xml:7:5-9:41
MERGED from [:Aliyunplayer:AlivcPlayer] AndroidManifest.xml:7:5-9:41
MERGED from [:Aliyunplayer:AlivcReporter] AndroidManifest.xml:7:5-9:41
MERGED from [:Aliyunplayer:AlivcReporter] AndroidManifest.xml:7:5-9:41
MERGED from [com.android.support:animated-vector-drawable:26.1.0] AndroidManifest.xml:20:5-44
MERGED from [com.android.support:animated-vector-drawable:26.1.0] AndroidManifest.xml:20:5-44
MERGED from [com.android.support:support-vector-drawable:26.1.0] AndroidManifest.xml:20:5-44
MERGED from [com.android.support:support-vector-drawable:26.1.0] AndroidManifest.xml:20:5-44
MERGED from [com.android.support:support-media-compat:26.1.0] AndroidManifest.xml:21:5-23:63
MERGED from [com.android.support:support-media-compat:26.1.0] AndroidManifest.xml:21:5-23:63
MERGED from [com.github.bumptech.glide:gifdecoder:4.8.0] AndroidManifest.xml:5:5-7:41
MERGED from [com.github.bumptech.glide:gifdecoder:4.8.0] AndroidManifest.xml:5:5-7:41
MERGED from [com.android.support:support-fragment:27.1.1] AndroidManifest.xml:20:5-44
MERGED from [com.android.support:support-fragment:27.1.1] AndroidManifest.xml:20:5-44
MERGED from [com.android.support:support-core-ui:27.1.1] AndroidManifest.xml:20:5-44
MERGED from [com.android.support:support-core-ui:27.1.1] AndroidManifest.xml:20:5-44
MERGED from [com.android.support:support-core-utils:27.1.1] AndroidManifest.xml:20:5-44
MERGED from [com.android.support:support-core-utils:27.1.1] AndroidManifest.xml:20:5-44
MERGED from [com.android.support:support-compat:27.1.1] AndroidManifest.xml:20:5-44
MERGED from [com.android.support:support-compat:27.1.1] AndroidManifest.xml:20:5-44
MERGED from [android.arch.lifecycle:runtime:1.1.0] AndroidManifest.xml:20:5-44
MERGED from [android.arch.lifecycle:runtime:1.1.0] AndroidManifest.xml:20:5-44
MERGED from [android.arch.lifecycle:livedata-core:1.1.0] AndroidManifest.xml:20:5-44
MERGED from [android.arch.lifecycle:livedata-core:1.1.0] AndroidManifest.xml:20:5-44
MERGED from [android.arch.core:runtime:1.1.0] AndroidManifest.xml:20:5-44
MERGED from [android.arch.core:runtime:1.1.0] AndroidManifest.xml:20:5-44
MERGED from [android.arch.lifecycle:viewmodel:1.1.0] AndroidManifest.xml:20:5-44
MERGED from [android.arch.lifecycle:viewmodel:1.1.0] AndroidManifest.xml:20:5-44
INJECTED from src\main\AndroidManifest.xml
INJECTED from src\main\AndroidManifest.xml
	tools:overrideLibrary
		ADDED from [com.android.support:appcompat-v7:26.1.0] AndroidManifest.xml:23:9-75
	android:targetSdkVersion
		INJECTED from src\main\AndroidManifest.xml
		ADDED from src\main\AndroidManifest.xml
		INJECTED from src\main\AndroidManifest.xml
	android:minSdkVersion
		INJECTED from src\main\AndroidManifest.xml
		ADDED from src\main\AndroidManifest.xml
		INJECTED from src\main\AndroidManifest.xml
meta-data#android.support.FILE_PROVIDER_PATHS
ADDED from src\main\AndroidManifest.xml:157:13-159:58
	android:resource
		ADDED from src\main\AndroidManifest.xml:159:17-55
	android:name
		ADDED from src\main\AndroidManifest.xml:158:17-67
uses-permission#android.permission.WRITE_SETTINGS
ADDED from [:Aliyunplayer:player_demo] AndroidManifest.xml:17:5-73
MERGED from [:Aliyunplayer:AlivcPlayer] AndroidManifest.xml:12:5-73
MERGED from [:Aliyunplayer:AlivcPlayer] AndroidManifest.xml:12:5-73
	android:name
		ADDED from [:Aliyunplayer:player_demo] AndroidManifest.xml:17:22-70
activity#com.blockchain.vodplayerview.activity.AliyunPlayerSettingActivity
ADDED from [:Aliyunplayer:player_demo] AndroidManifest.xml:23:9-27:20
	android:screenOrientation
		ADDED from [:Aliyunplayer:player_demo] AndroidManifest.xml:26:13-49
	android:configChanges
		ADDED from [:Aliyunplayer:player_demo] AndroidManifest.xml:25:13-74
	android:name
		ADDED from [:Aliyunplayer:player_demo] AndroidManifest.xml:24:13-93
activity#com.blockchain.vodplayerview.activity.AliyunPlayerSkinActivity
ADDED from [:Aliyunplayer:player_demo] AndroidManifest.xml:28:9-38:20
	android:screenOrientation
		ADDED from [:Aliyunplayer:player_demo] AndroidManifest.xml:31:13-49
	android:configChanges
		ADDED from [:Aliyunplayer:player_demo] AndroidManifest.xml:30:13-74
	android:theme
		ADDED from [:Aliyunplayer:player_demo] AndroidManifest.xml:32:13-63
	android:name
		ADDED from [:Aliyunplayer:player_demo] AndroidManifest.xml:29:13-90
intent-filter#android.intent.category.DEFAULT+com.blockchain.vodplayerview.activity.player
ADDED from [:Aliyunplayer:player_demo] AndroidManifest.xml:33:13-37:29
action#com.blockchain.vodplayerview.activity.player
ADDED from [:Aliyunplayer:player_demo] AndroidManifest.xml:34:17-87
	android:name
		ADDED from [:Aliyunplayer:player_demo] AndroidManifest.xml:34:25-84
uses-feature#android.hardware.camera.autofocus
ADDED from [:zxing] AndroidManifest.xml:14:5-70
	android:name
		ADDED from [:zxing] AndroidManifest.xml:14:19-67
activity#com.google.zxing.activity.CaptureActivity
ADDED from [:zxing] AndroidManifest.xml:22:9-24:66
	android:theme
		ADDED from [:zxing] AndroidManifest.xml:24:13-63
	android:name
		ADDED from [:zxing] AndroidManifest.xml:23:13-69
meta-data#android.support.VERSION
ADDED from [com.android.support:appcompat-v7:26.1.0] AndroidManifest.xml:26:9-28:38
MERGED from [com.android.support:support-v4:26.1.0] AndroidManifest.xml:26:9-28:38
MERGED from [com.android.support:support-v4:26.1.0] AndroidManifest.xml:26:9-28:38
MERGED from [com.android.support:recyclerview-v7:26.1.0] AndroidManifest.xml:23:9-25:38
MERGED from [com.android.support:recyclerview-v7:26.1.0] AndroidManifest.xml:23:9-25:38
MERGED from [com.android.support:animated-vector-drawable:26.1.0] AndroidManifest.xml:23:9-25:38
MERGED from [com.android.support:animated-vector-drawable:26.1.0] AndroidManifest.xml:23:9-25:38
MERGED from [com.android.support:support-vector-drawable:26.1.0] AndroidManifest.xml:23:9-25:38
MERGED from [com.android.support:support-vector-drawable:26.1.0] AndroidManifest.xml:23:9-25:38
MERGED from [com.android.support:support-media-compat:26.1.0] AndroidManifest.xml:26:9-28:38
MERGED from [com.android.support:support-media-compat:26.1.0] AndroidManifest.xml:26:9-28:38
	android:value
		ADDED from [com.android.support:appcompat-v7:26.1.0] AndroidManifest.xml:28:13-35
	android:name
		ADDED from [com.android.support:appcompat-v7:26.1.0] AndroidManifest.xml:27:13-51
service#com.squareup.leakcanary.internal.HeapAnalyzerService
ADDED from [com.squareup.leakcanary:leakcanary-android:1.5] AndroidManifest.xml:29:9-32:45
	android:process
		ADDED from [com.squareup.leakcanary:leakcanary-android:1.5] AndroidManifest.xml:32:13-42
	android:enabled
		ADDED from [com.squareup.leakcanary:leakcanary-android:1.5] AndroidManifest.xml:31:13-36
	android:name
		ADDED from [com.squareup.leakcanary:leakcanary-android:1.5] AndroidManifest.xml:30:13-80
service#com.squareup.leakcanary.DisplayLeakService
ADDED from [com.squareup.leakcanary:leakcanary-android:1.5] AndroidManifest.xml:33:9-35:39
	android:enabled
		ADDED from [com.squareup.leakcanary:leakcanary-android:1.5] AndroidManifest.xml:35:13-36
	android:name
		ADDED from [com.squareup.leakcanary:leakcanary-android:1.5] AndroidManifest.xml:34:13-70
activity#com.squareup.leakcanary.internal.DisplayLeakActivity
ADDED from [com.squareup.leakcanary:leakcanary-android:1.5] AndroidManifest.xml:37:9-49:20
	android:enabled
		ADDED from [com.squareup.leakcanary:leakcanary-android:1.5] AndroidManifest.xml:39:13-36
	android:label
		ADDED from [com.squareup.leakcanary:leakcanary-android:1.5] AndroidManifest.xml:41:13-71
	android:icon
		ADDED from [com.squareup.leakcanary:leakcanary-android:1.5] AndroidManifest.xml:40:13-54
	android:theme
		ADDED from [com.squareup.leakcanary:leakcanary-android:1.5] AndroidManifest.xml:43:13-63
	android:taskAffinity
		ADDED from [com.squareup.leakcanary:leakcanary-android:1.5] AndroidManifest.xml:42:13-59
	android:name
		ADDED from [com.squareup.leakcanary:leakcanary-android:1.5] AndroidManifest.xml:38:13-80
activity#com.squareup.leakcanary.internal.RequestStoragePermissionActivity
ADDED from [com.squareup.leakcanary:leakcanary-android:1.5] AndroidManifest.xml:50:9-56:68
	android:enabled
		ADDED from [com.squareup.leakcanary:leakcanary-android:1.5] AndroidManifest.xml:52:13-36
	android:label
		ADDED from [com.squareup.leakcanary:leakcanary-android:1.5] AndroidManifest.xml:54:13-82
	android:icon